[debug] [2025-11-02T18:24:30.547Z] ----------------------------------------------------------------------
[debug] [2025-11-02T18:24:30.566Z] Command:       C:\Program Files\nodejs\node.exe C:\Users\Nidhi\AppData\Roaming\npm\node_modules\firebase-tools\lib\bin\firebase.js init
[debug] [2025-11-02T18:24:30.567Z] CLI Version:   14.23.0
[debug] [2025-11-02T18:24:30.567Z] Platform:      win32
[debug] [2025-11-02T18:24:30.568Z] Node Version:  v22.14.0
[debug] [2025-11-02T18:24:30.569Z] Time:          Sun Nov 02 2025 23:54:30 GMT+0530 (India Standard Time)
[debug] [2025-11-02T18:24:30.569Z] ----------------------------------------------------------------------
[debug] 
[info] 
     ######## #### ########  ######## ########     ###     ######  ########
     ##        ##  ##     ## ##       ##     ##  ##   ##  ##       ##
     ######    ##  ########  ######   ########  #########  ######  ######
     ##        ##  ##    ##  ##       ##     ## ##     ##       ## ##
     ##       #### ##     ## ######## ########  ##     ##  ######  ########

You're about to initialize a Firebase project in this directory:

  C:\Users\Nidhi\OneDrive\Documents\LocalArtisans\frontend

[info] 
=== Project Setup
[info] 
[info] First, let's associate this project directory with a Firebase project.
[info] You can create multiple project aliases by running firebase use --add, 
[info] 
[debug] [2025-11-02T18:26:35.012Z] > command requires scopes: ["email","openid","https://www.googleapis.com/auth/cloudplatformprojects.readonly","https://www.googleapis.com/auth/firebase","https://www.googleapis.com/auth/cloud-platform"]
[debug] [2025-11-02T18:26:35.012Z] > authorizing via signed-in user (devarenidhi@gmail.com)
[debug] [2025-11-02T18:26:35.015Z] Checked if tokens are valid: true, expires at: 1762111295613
[debug] [2025-11-02T18:26:35.015Z] Checked if tokens are valid: true, expires at: 1762111295613
[debug] [2025-11-02T18:26:35.017Z] >>> [apiv2][query] GET https://firebase.googleapis.com/v1beta1/projects pageSize=100
[debug] [2025-11-02T18:26:35.776Z] <<< [apiv2][status] GET https://firebase.googleapis.com/v1beta1/projects 200
[debug] [2025-11-02T18:26:35.776Z] <<< [apiv2][body] GET https://firebase.googleapis.com/v1beta1/projects [omitted]
[info] 
=== Dataconnect Setup
[debug] [2025-11-02T18:26:38.558Z] Checked if tokens are valid: true, expires at: 1762111295613
[debug] [2025-11-02T18:26:38.558Z] Checked if tokens are valid: true, expires at: 1762111295613
[debug] [2025-11-02T18:26:38.559Z] >>> [apiv2][query] GET https://cloudbilling.googleapis.com/v1/projects/gen-ai-exchange-hackatho-548d0/billingInfo [none]
[debug] [2025-11-02T18:26:40.012Z] <<< [apiv2][status] GET https://cloudbilling.googleapis.com/v1/projects/gen-ai-exchange-hackatho-548d0/billingInfo 200
[debug] [2025-11-02T18:26:40.012Z] <<< [apiv2][body] GET https://cloudbilling.googleapis.com/v1/projects/gen-ai-exchange-hackatho-548d0/billingInfo {"name":"projects/gen-ai-exchange-hackatho-548d0/billingInfo","projectId":"gen-ai-exchange-hackatho-548d0","billingAccountName":"billingAccounts/01073A-876DA1-6AFD0E","billingEnabled":true}
[info] i  dataconnect: ensuring required API firebasedataconnect.googleapis.com is enabled... 
[debug] [2025-11-02T18:26:40.016Z] Checked if tokens are valid: true, expires at: 1762111295613
[debug] [2025-11-02T18:26:40.016Z] Checked if tokens are valid: true, expires at: 1762111295613
[info] i  dataconnect: ensuring required API sqladmin.googleapis.com is enabled... 
[debug] [2025-11-02T18:26:40.020Z] Checked if tokens are valid: true, expires at: 1762111295613
[debug] [2025-11-02T18:26:40.020Z] Checked if tokens are valid: true, expires at: 1762111295613
[debug] [2025-11-02T18:26:40.020Z] >>> [apiv2][query] GET https://serviceusage.googleapis.com/v1/projects/gen-ai-exchange-hackatho-548d0/services/firebasedataconnect.googleapis.com [none]
[debug] [2025-11-02T18:26:40.020Z] >>> [apiv2][(partial)header] GET https://serviceusage.googleapis.com/v1/projects/gen-ai-exchange-hackatho-548d0/services/firebasedataconnect.googleapis.com x-goog-quota-user=projects/gen-ai-exchange-hackatho-548d0
[debug] [2025-11-02T18:26:40.023Z] >>> [apiv2][query] GET https://serviceusage.googleapis.com/v1/projects/gen-ai-exchange-hackatho-548d0/services/sqladmin.googleapis.com [none]
[debug] [2025-11-02T18:26:40.023Z] >>> [apiv2][(partial)header] GET https://serviceusage.googleapis.com/v1/projects/gen-ai-exchange-hackatho-548d0/services/sqladmin.googleapis.com x-goog-quota-user=projects/gen-ai-exchange-hackatho-548d0
[debug] [2025-11-02T18:26:41.802Z] <<< [apiv2][status] GET https://serviceusage.googleapis.com/v1/projects/gen-ai-exchange-hackatho-548d0/services/firebasedataconnect.googleapis.com 200
[debug] [2025-11-02T18:26:41.802Z] <<< [apiv2][body] GET https://serviceusage.googleapis.com/v1/projects/gen-ai-exchange-hackatho-548d0/services/firebasedataconnect.googleapis.com [omitted]
[warn] !  dataconnect: missing required API firebasedataconnect.googleapis.com. Enabling now... 
[debug] [2025-11-02T18:26:41.803Z] Checked if tokens are valid: true, expires at: 1762111295613
[debug] [2025-11-02T18:26:41.803Z] Checked if tokens are valid: true, expires at: 1762111295613
[debug] [2025-11-02T18:26:41.803Z] >>> [apiv2][query] POST https://serviceusage.googleapis.com/v1/projects/gen-ai-exchange-hackatho-548d0/services/firebasedataconnect.googleapis.com:enable [none]
[debug] [2025-11-02T18:26:41.803Z] >>> [apiv2][(partial)header] POST https://serviceusage.googleapis.com/v1/projects/gen-ai-exchange-hackatho-548d0/services/firebasedataconnect.googleapis.com:enable x-goog-quota-user=projects/gen-ai-exchange-hackatho-548d0
[debug] [2025-11-02T18:26:41.812Z] <<< [apiv2][status] GET https://serviceusage.googleapis.com/v1/projects/gen-ai-exchange-hackatho-548d0/services/sqladmin.googleapis.com 200
[debug] [2025-11-02T18:26:41.812Z] <<< [apiv2][body] GET https://serviceusage.googleapis.com/v1/projects/gen-ai-exchange-hackatho-548d0/services/sqladmin.googleapis.com [omitted]
[warn] !  dataconnect: missing required API sqladmin.googleapis.com. Enabling now... 
[debug] [2025-11-02T18:26:41.813Z] Checked if tokens are valid: true, expires at: 1762111295613
[debug] [2025-11-02T18:26:41.813Z] Checked if tokens are valid: true, expires at: 1762111295613
[debug] [2025-11-02T18:26:41.814Z] >>> [apiv2][query] POST https://serviceusage.googleapis.com/v1/projects/gen-ai-exchange-hackatho-548d0/services/sqladmin.googleapis.com:enable [none]
[debug] [2025-11-02T18:26:41.814Z] >>> [apiv2][(partial)header] POST https://serviceusage.googleapis.com/v1/projects/gen-ai-exchange-hackatho-548d0/services/sqladmin.googleapis.com:enable x-goog-quota-user=projects/gen-ai-exchange-hackatho-548d0
[debug] [2025-11-02T18:26:43.573Z] <<< [apiv2][status] POST https://serviceusage.googleapis.com/v1/projects/gen-ai-exchange-hackatho-548d0/services/firebasedataconnect.googleapis.com:enable 200
[debug] [2025-11-02T18:26:43.573Z] <<< [apiv2][body] POST https://serviceusage.googleapis.com/v1/projects/gen-ai-exchange-hackatho-548d0/services/firebasedataconnect.googleapis.com:enable [omitted]
[debug] [2025-11-02T18:26:43.578Z] <<< [apiv2][status] POST https://serviceusage.googleapis.com/v1/projects/gen-ai-exchange-hackatho-548d0/services/sqladmin.googleapis.com:enable 200
[debug] [2025-11-02T18:26:43.579Z] <<< [apiv2][body] POST https://serviceusage.googleapis.com/v1/projects/gen-ai-exchange-hackatho-548d0/services/sqladmin.googleapis.com:enable [omitted]
[debug] [2025-11-02T18:26:53.591Z] Checked if tokens are valid: true, expires at: 1762111295613
[debug] [2025-11-02T18:26:53.591Z] Checked if tokens are valid: true, expires at: 1762111295613
[debug] [2025-11-02T18:26:53.591Z] >>> [apiv2][query] GET https://firebasedataconnect.googleapis.com/v1/projects/gen-ai-exchange-hackatho-548d0/locations/-/services [none]
[debug] [2025-11-02T18:26:55.567Z] <<< [apiv2][status] GET https://firebasedataconnect.googleapis.com/v1/projects/gen-ai-exchange-hackatho-548d0/locations/-/services 200
[debug] [2025-11-02T18:26:55.567Z] <<< [apiv2][body] GET https://firebasedataconnect.googleapis.com/v1/projects/gen-ai-exchange-hackatho-548d0/locations/-/services {}
